!SESSION 2018-10-18 19:46:58.735 -----------------------------------------------
eclipse.buildId=4.9.0.I20180906-0745
java.version=1.8.0_192
java.vendor=Oracle Corporation
BootLoader constants: OS=win32, ARCH=x86_64, WS=win32, NL=en_US
Framework arguments:  -product org.eclipse.epp.package.java.product
Command-line arguments:  -os win32 -ws win32 -arch x86_64 -product org.eclipse.epp.package.java.product

!ENTRY org.eclipse.egit.ui 2 0 2018-10-18 19:47:51.602
!MESSAGE Warning: The environment variable HOME is not set. The following directory will be used to store the Git
user global configuration and to define the default location to store repositories: 'C:\Users\Thuy'. If this is
not correct please set the HOME environment variable and restart Eclipse. Otherwise Git for Windows and
EGit might behave differently since they see different configuration options.
This warning can be switched off on the Team > Git > Confirmations and Warnings preference page.

!ENTRY org.eclipse.core.resources 4 566 2018-10-18 19:48:42.864
!MESSAGE Workspace was not properly initialized or has already shutdown.

!ENTRY org.eclipse.core.jobs 4 1 2018-10-18 19:48:42.875
!MESSAGE Worker thread ended job: Refreshing workspace(10), but still holds rule: ThreadJob(Refreshing workspace(10),[F/MDKExample/build/tmp/recompileMc/sources/net/minecraft/command])
!SESSION 2018-10-18 19:50:26.003 -----------------------------------------------
eclipse.buildId=4.9.0.I20180906-0745
java.version=1.8.0_192
java.vendor=Oracle Corporation
BootLoader constants: OS=win32, ARCH=x86_64, WS=win32, NL=en_US
Framework arguments:  -product org.eclipse.epp.package.java.product
Command-line arguments:  -os win32 -ws win32 -arch x86_64 -product org.eclipse.epp.package.java.product

!ENTRY org.eclipse.egit.ui 2 0 2018-10-18 19:50:41.631
!MESSAGE Warning: The environment variable HOME is not set. The following directory will be used to store the Git
user global configuration and to define the default location to store repositories: 'C:\Users\Thuy'. If this is
not correct please set the HOME environment variable and restart Eclipse. Otherwise Git for Windows and
EGit might behave differently since they see different configuration options.
This warning can be switched off on the Team > Git > Confirmations and Warnings preference page.
!SESSION 2018-10-22 20:17:44.075 -----------------------------------------------
eclipse.buildId=4.9.0.I20180906-0745
java.version=1.8.0_192
java.vendor=Oracle Corporation
BootLoader constants: OS=win32, ARCH=x86_64, WS=win32, NL=en_US
Framework arguments:  -product org.eclipse.epp.package.java.product
Command-line arguments:  -os win32 -ws win32 -arch x86_64 -product org.eclipse.epp.package.java.product

!ENTRY org.eclipse.egit.ui 2 0 2018-10-22 20:18:55.595
!MESSAGE Warning: The environment variable HOME is not set. The following directory will be used to store the Git
user global configuration and to define the default location to store repositories: 'C:\Users\Thuy'. If this is
not correct please set the HOME environment variable and restart Eclipse. Otherwise Git for Windows and
EGit might behave differently since they see different configuration options.
This warning can be switched off on the Team > Git > Confirmations and Warnings preference page.
!SESSION 2018-10-22 20:22:30.906 -----------------------------------------------
eclipse.buildId=4.9.0.I20180906-0745
java.version=1.8.0_192
java.vendor=Oracle Corporation
BootLoader constants: OS=win32, ARCH=x86_64, WS=win32, NL=en_US
Framework arguments:  -product org.eclipse.epp.package.java.product
Command-line arguments:  -os win32 -ws win32 -arch x86_64 -product org.eclipse.epp.package.java.product

!ENTRY org.eclipse.egit.ui 2 0 2018-10-22 20:22:54.115
!MESSAGE Warning: The environment variable HOME is not set. The following directory will be used to store the Git
user global configuration and to define the default location to store repositories: 'C:\Users\Thuy'. If this is
not correct please set the HOME environment variable and restart Eclipse. Otherwise Git for Windows and
EGit might behave differently since they see different configuration options.
This warning can be switched off on the Team > Git > Confirmations and Warnings preference page.

!ENTRY org.eclipse.core.resources 4 566 2018-10-22 20:34:23.517
!MESSAGE Workspace was not properly initialized or has already shutdown.

!ENTRY org.eclipse.core.jobs 4 1 2018-10-22 20:34:23.551
!MESSAGE Worker thread ended job: Refreshing workspace(10), but still holds rule: ThreadJob(Refreshing workspace(10),[F/TutorialMod/build/tmp/recompileMc/compiled/META-INF])
!SESSION 2018-10-22 20:57:50.073 -----------------------------------------------
eclipse.buildId=4.9.0.I20180906-0745
java.version=1.8.0_192
java.vendor=Oracle Corporation
BootLoader constants: OS=win32, ARCH=x86_64, WS=win32, NL=en_US
Framework arguments:  -product org.eclipse.epp.package.java.product
Command-line arguments:  -os win32 -ws win32 -arch x86_64 -product org.eclipse.epp.package.java.product

!ENTRY org.eclipse.egit.ui 2 0 2018-10-22 20:58:10.608
!MESSAGE Warning: The environment variable HOME is not set. The following directory will be used to store the Git
user global configuration and to define the default location to store repositories: 'C:\Users\Thuy'. If this is
not correct please set the HOME environment variable and restart Eclipse. Otherwise Git for Windows and
EGit might behave differently since they see different configuration options.
This warning can be switched off on the Team > Git > Confirmations and Warnings preference page.

!ENTRY org.eclipse.core.resources 4 566 2018-10-22 21:37:46.053
!MESSAGE Workspace was not properly initialized or has already shutdown.

!ENTRY org.eclipse.core.jobs 4 1 2018-10-22 21:37:46.056
!MESSAGE Worker thread ended job: Refreshing workspace(10), but still holds rule: ThreadJob(Refreshing workspace(10),[F/TutorialMod/build/tmp/recompileMc/compiled/paulscode])
!SESSION 2018-10-28 15:05:13.368 -----------------------------------------------
eclipse.buildId=4.9.0.I20180906-0745
java.version=1.8.0_192
java.vendor=Oracle Corporation
BootLoader constants: OS=win32, ARCH=x86_64, WS=win32, NL=en_US
Framework arguments:  -product org.eclipse.epp.package.java.product
Command-line arguments:  -os win32 -ws win32 -arch x86_64 -product org.eclipse.epp.package.java.product

!ENTRY org.eclipse.egit.ui 2 0 2018-10-28 15:05:58.201
!MESSAGE Warning: The environment variable HOME is not set. The following directory will be used to store the Git
user global configuration and to define the default location to store repositories: 'C:\Users\Thuy'. If this is
not correct please set the HOME environment variable and restart Eclipse. Otherwise Git for Windows and
EGit might behave differently since they see different configuration options.
This warning can be switched off on the Team > Git > Confirmations and Warnings preference page.

!ENTRY org.eclipse.core.resources 4 566 2018-10-28 15:55:06.504
!MESSAGE Workspace was not properly initialized or has already shutdown.

!ENTRY org.eclipse.core.jobs 4 1 2018-10-28 15:55:06.506
!MESSAGE Worker thread ended job: Refreshing workspace(10), but still holds rule: ThreadJob(Refreshing workspace(10),[F/TutorialMod/build/tmp/recompileMc/compiled/net/minecraft/network])
!SESSION 2018-11-12 17:04:08.331 -----------------------------------------------
eclipse.buildId=4.9.0.I20180906-0745
java.version=1.8.0_192
java.vendor=Oracle Corporation
BootLoader constants: OS=win32, ARCH=x86_64, WS=win32, NL=en_US
Framework arguments:  -product org.eclipse.epp.package.java.product
Command-line arguments:  -os win32 -ws win32 -arch x86_64 -product org.eclipse.epp.package.java.product

!ENTRY org.eclipse.egit.ui 2 0 2018-11-12 17:09:50.207
!MESSAGE Warning: The environment variable HOME is not set. The following directory will be used to store the Git
user global configuration and to define the default location to store repositories: 'C:\Users\Thuy'. If this is
not correct please set the HOME environment variable and restart Eclipse. Otherwise Git for Windows and
EGit might behave differently since they see different configuration options.
This warning can be switched off on the Team > Git > Confirmations and Warnings preference page.

!ENTRY org.eclipse.core.resources 2 10035 2018-11-15 19:25:01.652
!MESSAGE The workspace will exit with unsaved changes in this session.
